2025-01-14 17:14:38,338 [DEBUG]  Available web server routes: 
/conversations/<conversation_id:path>/messages     POST                           add_message
/conversations/<conversation_id:path>/tracker/events POST                           append_events
/webhooks/rasa                                     GET                            custom_webhook_RasaChatInput.health
/webhooks/rasa/webhook                             POST                           custom_webhook_RasaChatInput.receive
/webhooks/rest                                     GET                            custom_webhook_RestInput.health
/webhooks/rest/webhook                             POST                           custom_webhook_RestInput.receive
/model/test/intents                                POST                           evaluate_intents
/model/test/stories                                POST                           evaluate_stories
/conversations/<conversation_id:path>/execute      POST                           execute_action
/domain                                            GET                            get_domain
/                                                  GET                            hello
/model                                             PUT                            load_model
/model/parse                                       POST                           parse
/conversations/<conversation_id:path>/predict      POST                           predict
/conversations/<conversation_id:path>/tracker/events PUT                            replace_events
/conversations/<conversation_id:path>/story        GET                            retrieve_story
/conversations/<conversation_id:path>/tracker      GET                            retrieve_tracker
/status                                            GET                            status
/model/predict                                     POST                           tracker_predict
/model/train                                       POST                           train
/conversations/<conversation_id:path>/trigger_intent POST                           trigger_intent
/model                                             DELETE                         unload_model
/version                                           GET                            version
2025-01-14 17:14:38,338 [INFO ]  Starting Rasa server on http://0.0.0.0:5005
2025-01-14 17:14:38,339 [DEBUG]  Using the default number of Sanic workers (1).
2025-01-14 17:14:39,867 [DEBUG]  Skipping telemetry reporting: no license hash found.
2025-01-14 17:14:39,919 [DEBUG]  Connected to InMemoryTrackerStore.
2025-01-14 17:14:39,919 [DEBUG]  Connected to lock store 'InMemoryLockStore'.
2025-01-14 17:14:39,919 [DEBUG]  Instantiated NLG to 'TemplatedNaturalLanguageGenerator'.
2025-01-14 17:14:39,920 [INFO ]  Loading model models/20250114-063634-burning-lepton.tar.gz...
2025-01-14 17:14:40,344 [DEBUG]  Extracted model to '/tmp/tmp6l7g8ygj'.
2025-01-14 17:14:40,347 [DEBUG]  Node 'nlu_message_converter' loading 'NLUMessageConverter.load' and kwargs: '{}'.
2025-01-14 17:14:40,347 [DEBUG]  Node 'run_WhitespaceTokenizer0' loading 'WhitespaceTokenizer.load' and kwargs: '{}'.
2025-01-14 17:14:40,350 [DEBUG]  Node 'run_RegexFeaturizer1' loading 'RegexFeaturizer.load' and kwargs: '{}'.
2025-01-14 17:14:40,350 [DEBUG]  Resource 'train_RegexFeaturizer1' was requested for reading.
2025-01-14 17:14:40,350 [DEBUG]  Node 'run_LexicalSyntacticFeaturizer2' loading 'LexicalSyntacticFeaturizer.load' and kwargs: '{}'.
2025-01-14 17:14:40,350 [DEBUG]  Resource 'train_LexicalSyntacticFeaturizer2' was requested for reading.
2025-01-14 17:14:40,356 [DEBUG]  Node 'run_CountVectorsFeaturizer3' loading 'CountVectorsFeaturizer.load' and kwargs: '{}'.
2025-01-14 17:14:40,356 [DEBUG]  Resource 'train_CountVectorsFeaturizer3' was requested for reading.
2025-01-14 17:14:40,357 [DEBUG]  Node 'run_LanguageModelFeaturizer4' loading 'LanguageModelFeaturizer.load' and kwargs: '{}'.
2025-01-14 17:14:44,511 [DEBUG]  Loading Tokenizer and Model for bert
2025-01-14 17:14:44,513 [DEBUG]  Starting new HTTPS connection (1): huggingface.co:443
2025-01-14 17:14:44,811 [DEBUG]  https://huggingface.co:443 "HEAD /bert-base-cased/resolve/main/tokenizer_config.json HTTP/1.1" 200 0
2025-01-14 17:14:45,132 [DEBUG]  https://huggingface.co:443 "HEAD /bert-base-cased/resolve/main/config.json HTTP/1.1" 200 0
2025-01-14 17:15:18,486 [DEBUG]  Node 'run_DIETClassifier5' loading 'DIETClassifier.load' and kwargs: '{}'.
2025-01-14 17:15:18,486 [DEBUG]  Resource 'train_DIETClassifier5' was requested for reading.
2025-01-14 17:15:18,487 [DEBUG]  Loading the model from /tmp/tmpkscvlm09/train_DIETClassifier5/DIETClassifier.tf_model with finetune_mode=False...
2025-01-14 17:15:18,510 [DEBUG]  You specified 'DIET' to train entities, but no entities are present in the training data. Skipping training of entities.
2025-01-14 17:15:18,543 [DEBUG]  Following metrics will be logged during training: 
2025-01-14 17:15:18,543 [DEBUG]    t_loss (total loss)
2025-01-14 17:15:18,544 [DEBUG]    i_acc (intent acc)
2025-01-14 17:15:18,544 [DEBUG]    i_loss (intent loss)
2025-01-14 17:15:31,387 [DEBUG]  Finished loading the model.
2025-01-14 17:15:31,390 [DEBUG]  Node 'run_EntitySynonymMapper6' loading 'EntitySynonymMapper.load' and kwargs: '{}'.
2025-01-14 17:15:31,390 [DEBUG]  Resource 'train_EntitySynonymMapper6' was requested for reading.
2025-01-14 17:15:31,390 [DEBUG]  Failed to load ABCMeta from model storage. Resource 'train_EntitySynonymMapper6' doesn't exist.
2025-01-14 17:15:31,390 [DEBUG]  Node 'run_ResponseSelector7' loading 'ResponseSelector.load' and kwargs: '{}'.
2025-01-14 17:15:31,390 [DEBUG]  Resource 'train_ResponseSelector7' was requested for reading.
2025-01-14 17:15:31,391 [DEBUG]  Failed to load ABCMeta from model storage. Resource 'train_ResponseSelector7' doesn't exist.
2025-01-14 17:15:31,391 [DEBUG]  Resource 'train_ResponseSelector7' was requested for reading.
2025-01-14 17:15:31,391 [DEBUG]  Failed to load ResponseSelector from model storage. Resource 'train_ResponseSelector7' doesn't exist.
2025-01-14 17:15:31,391 [DEBUG]  Node 'run_RegexMessageHandler' loading 'RegexMessageHandler.load' and kwargs: '{}'.
2025-01-14 17:15:31,391 [DEBUG]  Node 'domain_provider' loading 'DomainProvider.load' and kwargs: '{}'.
2025-01-14 17:15:31,391 [DEBUG]  Resource 'domain_provider' was requested for reading.
2025-01-14 17:15:31,415 [DEBUG]  Node 'run_MemoizationPolicy0' loading 'MemoizationPolicy.load' and kwargs: '{}'.
2025-01-14 17:15:31,415 [DEBUG]  Resource 'train_MemoizationPolicy0' was requested for reading.
2025-01-14 17:15:31,415 [DEBUG]  Node 'run_RulePolicy1' loading 'RulePolicy.load' and kwargs: '{}'.
2025-01-14 17:15:31,416 [DEBUG]  Resource 'train_RulePolicy1' was requested for reading.
2025-01-14 17:15:31,416 [DEBUG]  Node 'run_TEDPolicy2' loading 'TEDPolicy.load' and kwargs: '{}'.
2025-01-14 17:15:31,416 [DEBUG]  Resource 'train_TEDPolicy2' was requested for reading.
2025-01-14 17:15:31,417 [DEBUG]  Loading the model from /tmp/tmpkscvlm09/train_TEDPolicy2/ted_policy.tf_model with finetune_mode=False...
2025-01-14 17:15:44,385 [DEBUG]  Finished loading the model.
2025-01-14 17:15:44,386 [DEBUG]  Node 'rule_only_data_provider' loading 'RuleOnlyDataProvider.load' and kwargs: '{}'.
2025-01-14 17:15:44,386 [DEBUG]  Resource 'train_RulePolicy1' was requested for reading.
2025-01-14 17:15:44,386 [DEBUG]  Node 'select_prediction' loading 'DefaultPolicyPredictionEnsemble.load' and kwargs: '{}'.
2025-01-14 17:15:44,392 [INFO ]  Rasa server is up and running.
2025-01-14 17:15:44,393 [INFO ]  Enabling coroutine debugging. Loop id 94885081805088.
2025-01-14 17:16:10,011 [DEBUG]  Issuing ticket for conversation 'PractikumStudent'.
2025-01-14 17:16:10,011 [DEBUG]  Acquiring lock for conversation 'PractikumStudent'.
2025-01-14 17:16:10,011 [DEBUG]  Acquired lock for conversation 'PractikumStudent'.
2025-01-14 17:16:10,011 [DEBUG]  Could not find tracker for conversation ID 'PractikumStudent'.
2025-01-14 17:16:10,011 [DEBUG]  No event broker configured. Skipping streaming events.
2025-01-14 17:16:10,011 [DEBUG]  Starting a new session for conversation ID 'PractikumStudent'.
2025-01-14 17:16:10,015 [DEBUG]  [[32m[1mdebug    [0m] [1mprocessor.actions.policy_prediction[0m [36mprediction_events[0m=[35m[][0m
2025-01-14 17:16:10,015 [DEBUG]  [[32m[1mdebug    [0m] [1mprocessor.actions.log         [0m [36maction_name[0m=[35maction_session_start[0m [36mrasa_events[0m=[35m[<rasa.shared.core.events.SessionStarted object at 0x7fd442016710>, ActionExecuted(action: action_listen, policy: None, confidence: None)][0m
2025-01-14 17:16:10,016 [DEBUG]  [[32m[1mdebug    [0m] [1mprocessor.slots.log           [0m [36mslot_values[0m=[35m	topic: None
	session_started_metadata: None[0m
2025-01-14 17:16:10,016 [DEBUG]  Running graph with inputs: {'__message__': [<rasa.core.channels.channel.UserMessage object at 0x7fd442014580>], '__tracker__': <rasa.shared.core.trackers.DialogueStateTracker object at 0x7fd442017f40>}, targets: ['run_RegexMessageHandler'] and ExecutionContext(model_id='54251e8b46204ee38fe8d10ff64b1131', should_add_diagnostic_data=False, is_finetuning=False, node_name=None).
2025-01-14 17:16:10,017 [DEBUG]  Node 'nlu_message_converter' running 'NLUMessageConverter.convert_user_message'.
2025-01-14 17:16:10,017 [DEBUG]  Node 'run_WhitespaceTokenizer0' running 'WhitespaceTokenizer.process'.
2025-01-14 17:16:10,018 [DEBUG]  Node 'run_RegexFeaturizer1' running 'RegexFeaturizer.process'.
2025-01-14 17:16:10,019 [DEBUG]  Node 'run_LexicalSyntacticFeaturizer2' running 'LexicalSyntacticFeaturizer.process'.
2025-01-14 17:16:10,020 [DEBUG]  Node 'run_CountVectorsFeaturizer3' running 'CountVectorsFeaturizer.process'.
2025-01-14 17:16:10,030 [DEBUG]  Node 'run_LanguageModelFeaturizer4' running 'LanguageModelFeaturizer.process'.
2025-01-14 17:16:10,346 [DEBUG]  Node 'run_DIETClassifier5' running 'DIETClassifier.process'.
2025-01-14 17:16:10,602 [DEBUG]  Node 'run_EntitySynonymMapper6' running 'EntitySynonymMapper.process'.
2025-01-14 17:16:10,602 [DEBUG]  Node 'run_ResponseSelector7' running 'ResponseSelector.process'.
2025-01-14 17:16:10,602 [DEBUG]  There is no trained model for 'ResponseSelector': The component is either not trained or didn't receive enough training data.
2025-01-14 17:16:10,603 [DEBUG]  Adding following selector key to message property: default
2025-01-14 17:16:10,603 [DEBUG]  Node 'domain_provider' running 'DomainProvider.provide_inference'.
2025-01-14 17:16:10,603 [DEBUG]  Node 'run_RegexMessageHandler' running 'RegexMessageHandler.process'.
2025-01-14 17:16:10,603 [DEBUG]  [[32m[1mdebug    [0m] [1mprocessor.message.parse       [0m [36mparse_data_entities[0m=[35m[][0m [36mparse_data_intent[0m=[35m{'name': 'greet', 'confidence': 0.25721055269241333}[0m [36mparse_data_text[0m=[35mПривет[0m
2025-01-14 17:16:10,604 [DEBUG]  Logged UserUtterance - tracker now has 4 events.
2025-01-14 17:16:10,606 [DEBUG]  Validating extracted slots: topic
2025-01-14 17:16:10,606 [DEBUG]  [[32m[1mdebug    [0m] [1mprocessor.extract.slots       [0m [36maction_extract_slot[0m=[35maction_extract_slots[0m [36mlen_extraction_events[0m=[35m1[0m [36mrasa_events[0m=[35m[SlotSet(key: topic, value: Привет)][0m
2025-01-14 17:16:10,606 [DEBUG]  Running graph with inputs: {'__tracker__': <rasa.shared.core.trackers.DialogueStateTracker object at 0x7fd442017f40>}, targets: ['select_prediction'] and ExecutionContext(model_id='54251e8b46204ee38fe8d10ff64b1131', should_add_diagnostic_data=False, is_finetuning=False, node_name=None).
2025-01-14 17:16:10,607 [DEBUG]  Node 'rule_only_data_provider' running 'RuleOnlyDataProvider.provide'.
2025-01-14 17:16:10,607 [DEBUG]  Node 'domain_provider' running 'DomainProvider.provide_inference'.
2025-01-14 17:16:10,607 [DEBUG]  Node 'run_MemoizationPolicy0' running 'MemoizationPolicy.predict_action_probabilities'.
2025-01-14 17:16:10,608 [DEBUG]  [[32m[1mdebug    [0m] [1mmemoization.predict.actions   [0m [36mtracker_states[0m=[35m[{}, {'user': {'intent': 'greet'}, 'prev_action': {'action_name': 'action_listen'}}][0m
2025-01-14 17:16:10,608 [DEBUG]  There is a memorised next action 'utter_greet'
2025-01-14 17:16:10,608 [DEBUG]  Node 'run_RulePolicy1' running 'RulePolicy.predict_action_probabilities'.
2025-01-14 17:16:10,608 [DEBUG]  [[32m[1mdebug    [0m] [1mrule_policy.actions.find      [0m [36mcurrent_states[0m=[35m
[state 1] user text: Привет | previous action name: action_listen[0m
2025-01-14 17:16:10,609 [DEBUG]  There is no applicable rule.
2025-01-14 17:16:10,609 [DEBUG]  [[32m[1mdebug    [0m] [1mrule_policy.actions.find      [0m [36mcurrent_states[0m=[35m
[state 1] user intent: greet | previous action name: action_listen[0m
2025-01-14 17:16:10,609 [DEBUG]  There is a rule for the next action 'utter_greet'.
2025-01-14 17:16:10,609 [DEBUG]  Node 'run_TEDPolicy2' running 'TEDPolicy.predict_action_probabilities'.
2025-01-14 17:16:10,615 [DEBUG]  TED predicted 'utter_greet' based on user intent.
2025-01-14 17:16:10,615 [DEBUG]  Node 'select_prediction' running 'DefaultPolicyPredictionEnsemble.combine_predictions_from_kwargs'.
2025-01-14 17:16:10,615 [DEBUG]  Made prediction using user intent.
2025-01-14 17:16:10,615 [DEBUG]  Added `DefinePrevUserUtteredFeaturization(False)` event.
2025-01-14 17:16:10,615 [DEBUG]  Predicted next action using RulePolicy.
2025-01-14 17:16:10,616 [DEBUG]  Predicted next action 'utter_greet' with confidence 1.00.
2025-01-14 17:16:10,616 [DEBUG]  [[32m[1mdebug    [0m] [1mprocessor.actions.policy_prediction[0m [36mprediction_events[0m=[35m[<rasa.shared.core.events.DefinePrevUserUtteredFeaturization object at 0x7fd442014eb0>][0m
2025-01-14 17:16:10,617 [DEBUG]  [[32m[1mdebug    [0m] [1mprocessor.actions.log         [0m [36maction_name[0m=[35mutter_greet[0m [36mrasa_events[0m=[35m[BotUttered('Привет! Чем могу помочь в области архитектуры программного обеспечения?', {"elements": null, "quick_replies": null, "buttons": null, "attachment": null, "image": null, "custom": null}, {"utter_action": "utter_greet"}, 1736874970.61667)][0m
2025-01-14 17:16:10,617 [DEBUG]  Running graph with inputs: {'__tracker__': <rasa.shared.core.trackers.DialogueStateTracker object at 0x7fd442017f40>}, targets: ['select_prediction'] and ExecutionContext(model_id='54251e8b46204ee38fe8d10ff64b1131', should_add_diagnostic_data=False, is_finetuning=False, node_name=None).
2025-01-14 17:16:10,617 [DEBUG]  Node 'rule_only_data_provider' running 'RuleOnlyDataProvider.provide'.
2025-01-14 17:16:10,617 [DEBUG]  Node 'domain_provider' running 'DomainProvider.provide_inference'.
2025-01-14 17:16:10,618 [DEBUG]  Node 'run_MemoizationPolicy0' running 'MemoizationPolicy.predict_action_probabilities'.
2025-01-14 17:16:10,618 [DEBUG]  [[32m[1mdebug    [0m] [1mmemoization.predict.actions   [0m [36mtracker_states[0m=[35m[{}, {'user': {'intent': 'greet'}, 'prev_action': {'action_name': 'action_listen'}}, {'user': {'intent': 'greet'}, 'prev_action': {'action_name': 'utter_greet'}}][0m
2025-01-14 17:16:10,618 [DEBUG]  There is a memorised next action 'action_listen'
2025-01-14 17:16:10,618 [DEBUG]  Node 'run_RulePolicy1' running 'RulePolicy.predict_action_probabilities'.
2025-01-14 17:16:10,619 [DEBUG]  [[32m[1mdebug    [0m] [1mrule_policy.actions.find      [0m [36mcurrent_states[0m=[35m
[state 1] user intent: greet | previous action name: action_listen
[state 2] user intent: greet | previous action name: utter_greet[0m
2025-01-14 17:16:10,619 [DEBUG]  There is a rule for the next action 'action_listen'.
2025-01-14 17:16:10,619 [DEBUG]  Node 'run_TEDPolicy2' running 'TEDPolicy.predict_action_probabilities'.
2025-01-14 17:16:10,627 [DEBUG]  TED predicted 'action_listen' based on user intent.
2025-01-14 17:16:10,627 [DEBUG]  Node 'select_prediction' running 'DefaultPolicyPredictionEnsemble.combine_predictions_from_kwargs'.
2025-01-14 17:16:10,627 [DEBUG]  Predicted next action using RulePolicy.
2025-01-14 17:16:10,628 [DEBUG]  Predicted next action 'action_listen' with confidence 1.00.
2025-01-14 17:16:10,628 [DEBUG]  [[32m[1mdebug    [0m] [1mprocessor.actions.policy_prediction[0m [36mprediction_events[0m=[35m[][0m
2025-01-14 17:16:10,628 [DEBUG]  [[32m[1mdebug    [0m] [1mprocessor.actions.log         [0m [36maction_name[0m=[35maction_listen[0m [36mrasa_events[0m=[35m[][0m
2025-01-14 17:16:10,628 [DEBUG]  No event broker configured. Skipping streaming events.
2025-01-14 17:16:10,629 [DEBUG]  Deleted lock for conversation 'PractikumStudent'.
2025-01-14 17:16:19,190 [DEBUG]  Issuing ticket for conversation 'PractikumStudent'.
2025-01-14 17:16:19,190 [DEBUG]  Acquiring lock for conversation 'PractikumStudent'.
2025-01-14 17:16:19,190 [DEBUG]  Acquired lock for conversation 'PractikumStudent'.
2025-01-14 17:16:19,190 [DEBUG]  Recreating tracker for id 'PractikumStudent'
2025-01-14 17:16:19,191 [DEBUG]  Running graph with inputs: {'__message__': [<rasa.core.channels.channel.UserMessage object at 0x7fd454738160>], '__tracker__': <rasa.shared.core.trackers.DialogueStateTracker object at 0x7fd41796d750>}, targets: ['run_RegexMessageHandler'] and ExecutionContext(model_id='54251e8b46204ee38fe8d10ff64b1131', should_add_diagnostic_data=False, is_finetuning=False, node_name=None).
2025-01-14 17:16:19,192 [DEBUG]  Node 'nlu_message_converter' running 'NLUMessageConverter.convert_user_message'.
2025-01-14 17:16:19,192 [DEBUG]  Node 'run_WhitespaceTokenizer0' running 'WhitespaceTokenizer.process'.
2025-01-14 17:16:19,192 [DEBUG]  Node 'run_RegexFeaturizer1' running 'RegexFeaturizer.process'.
2025-01-14 17:16:19,193 [DEBUG]  Node 'run_LexicalSyntacticFeaturizer2' running 'LexicalSyntacticFeaturizer.process'.
2025-01-14 17:16:19,193 [DEBUG]  Node 'run_CountVectorsFeaturizer3' running 'CountVectorsFeaturizer.process'.
2025-01-14 17:16:19,194 [DEBUG]  Node 'run_LanguageModelFeaturizer4' running 'LanguageModelFeaturizer.process'.
2025-01-14 17:16:19,421 [DEBUG]  Node 'run_DIETClassifier5' running 'DIETClassifier.process'.
2025-01-14 17:16:19,429 [DEBUG]  Node 'run_EntitySynonymMapper6' running 'EntitySynonymMapper.process'.
2025-01-14 17:16:19,429 [DEBUG]  Node 'run_ResponseSelector7' running 'ResponseSelector.process'.
2025-01-14 17:16:19,429 [DEBUG]  There is no trained model for 'ResponseSelector': The component is either not trained or didn't receive enough training data.
2025-01-14 17:16:19,429 [DEBUG]  Adding following selector key to message property: default
2025-01-14 17:16:19,429 [DEBUG]  Node 'domain_provider' running 'DomainProvider.provide_inference'.
2025-01-14 17:16:19,430 [DEBUG]  Node 'run_RegexMessageHandler' running 'RegexMessageHandler.process'.
2025-01-14 17:16:19,430 [DEBUG]  [[32m[1mdebug    [0m] [1mprocessor.message.parse       [0m [36mparse_data_entities[0m=[35m[][0m [36mparse_data_intent[0m=[35m{'name': 'goodbye', 'confidence': 0.327383816242218}[0m [36mparse_data_text[0m=[35mПока[0m
2025-01-14 17:16:19,430 [DEBUG]  Logged UserUtterance - tracker now has 10 events.
2025-01-14 17:16:19,431 [DEBUG]  Validating extracted slots: topic
2025-01-14 17:16:19,431 [DEBUG]  [[32m[1mdebug    [0m] [1mprocessor.extract.slots       [0m [36maction_extract_slot[0m=[35maction_extract_slots[0m [36mlen_extraction_events[0m=[35m1[0m [36mrasa_events[0m=[35m[SlotSet(key: topic, value: Пока)][0m
2025-01-14 17:16:19,431 [DEBUG]  Running graph with inputs: {'__tracker__': <rasa.shared.core.trackers.DialogueStateTracker object at 0x7fd41796d750>}, targets: ['select_prediction'] and ExecutionContext(model_id='54251e8b46204ee38fe8d10ff64b1131', should_add_diagnostic_data=False, is_finetuning=False, node_name=None).
2025-01-14 17:16:19,432 [DEBUG]  Node 'rule_only_data_provider' running 'RuleOnlyDataProvider.provide'.
2025-01-14 17:16:19,432 [DEBUG]  Node 'domain_provider' running 'DomainProvider.provide_inference'.
2025-01-14 17:16:19,432 [DEBUG]  Node 'run_MemoizationPolicy0' running 'MemoizationPolicy.predict_action_probabilities'.
2025-01-14 17:16:19,433 [DEBUG]  [[32m[1mdebug    [0m] [1mmemoization.predict.actions   [0m [36mtracker_states[0m=[35m[{}, {'user': {'intent': 'greet'}, 'prev_action': {'action_name': 'action_listen'}}, {'user': {'intent': 'greet'}, 'prev_action': {'action_name': 'utter_greet'}}, {'user': {'intent': 'goodbye'}, 'prev_action': {'action_name': 'action_listen'}}][0m
2025-01-14 17:16:19,433 [DEBUG]  There is no memorised next action
2025-01-14 17:16:19,433 [DEBUG]  Node 'run_RulePolicy1' running 'RulePolicy.predict_action_probabilities'.
2025-01-14 17:16:19,433 [DEBUG]  [[32m[1mdebug    [0m] [1mrule_policy.actions.find      [0m [36mcurrent_states[0m=[35m
[state 1] user intent: greet | previous action name: action_listen
[state 2] user intent: greet | previous action name: utter_greet
[state 3] user text: Пока | previous action name: action_listen[0m
2025-01-14 17:16:19,434 [DEBUG]  There is no applicable rule.
2025-01-14 17:16:19,434 [DEBUG]  [[32m[1mdebug    [0m] [1mrule_policy.actions.find      [0m [36mcurrent_states[0m=[35m
[state 1] user intent: greet | previous action name: action_listen
[state 2] user intent: greet | previous action name: utter_greet
[state 3] user intent: goodbye | previous action name: action_listen[0m
2025-01-14 17:16:19,434 [DEBUG]  There is a rule for the next action 'utter_goodbye'.
2025-01-14 17:16:19,434 [DEBUG]  Node 'run_TEDPolicy2' running 'TEDPolicy.predict_action_probabilities'.
2025-01-14 17:16:19,440 [DEBUG]  TED predicted 'utter_goodbye' based on user intent.
2025-01-14 17:16:19,440 [DEBUG]  Node 'select_prediction' running 'DefaultPolicyPredictionEnsemble.combine_predictions_from_kwargs'.
2025-01-14 17:16:19,440 [DEBUG]  Made prediction using user intent.
2025-01-14 17:16:19,440 [DEBUG]  Added `DefinePrevUserUtteredFeaturization(False)` event.
2025-01-14 17:16:19,440 [DEBUG]  Predicted next action using RulePolicy.
2025-01-14 17:16:19,440 [DEBUG]  Predicted next action 'utter_goodbye' with confidence 1.00.
2025-01-14 17:16:19,441 [DEBUG]  [[32m[1mdebug    [0m] [1mprocessor.actions.policy_prediction[0m [36mprediction_events[0m=[35m[<rasa.shared.core.events.DefinePrevUserUtteredFeaturization object at 0x7fd442017e80>][0m
2025-01-14 17:16:19,441 [DEBUG]  [[32m[1mdebug    [0m] [1mprocessor.actions.log         [0m [36maction_name[0m=[35mutter_goodbye[0m [36mrasa_events[0m=[35m[BotUttered('До свидания! Если появятся вопросы по архитектуре ПО, обращайтесь.', {"elements": null, "quick_replies": null, "buttons": null, "attachment": null, "image": null, "custom": null}, {"utter_action": "utter_goodbye"}, 1736874979.4413307)][0m
2025-01-14 17:16:19,441 [DEBUG]  Running graph with inputs: {'__tracker__': <rasa.shared.core.trackers.DialogueStateTracker object at 0x7fd41796d750>}, targets: ['select_prediction'] and ExecutionContext(model_id='54251e8b46204ee38fe8d10ff64b1131', should_add_diagnostic_data=False, is_finetuning=False, node_name=None).
2025-01-14 17:16:19,442 [DEBUG]  Node 'rule_only_data_provider' running 'RuleOnlyDataProvider.provide'.
2025-01-14 17:16:19,442 [DEBUG]  Node 'domain_provider' running 'DomainProvider.provide_inference'.
2025-01-14 17:16:19,442 [DEBUG]  Node 'run_MemoizationPolicy0' running 'MemoizationPolicy.predict_action_probabilities'.
2025-01-14 17:16:19,443 [DEBUG]  [[32m[1mdebug    [0m] [1mmemoization.predict.actions   [0m [36mtracker_states[0m=[35m[{}, {'user': {'intent': 'greet'}, 'prev_action': {'action_name': 'action_listen'}}, {'user': {'intent': 'greet'}, 'prev_action': {'action_name': 'utter_greet'}}, {'user': {'intent': 'goodbye'}, 'prev_action': {'action_name': 'action_listen'}}, {'user': {'intent': 'goodbye'}, 'prev_action': {'action_name': 'utter_goodbye'}}][0m
2025-01-14 17:16:19,443 [DEBUG]  There is no memorised next action
2025-01-14 17:16:19,443 [DEBUG]  Node 'run_RulePolicy1' running 'RulePolicy.predict_action_probabilities'.
2025-01-14 17:16:19,443 [DEBUG]  [[32m[1mdebug    [0m] [1mrule_policy.actions.find      [0m [36mcurrent_states[0m=[35m
[state 1] user intent: greet | previous action name: action_listen
[state 2] user intent: greet | previous action name: utter_greet
[state 3] user intent: goodbye | previous action name: action_listen
[state 4] user intent: goodbye | previous action name: utter_goodbye[0m
2025-01-14 17:16:19,443 [DEBUG]  There is a rule for the next action 'action_listen'.
2025-01-14 17:16:19,444 [DEBUG]  Node 'run_TEDPolicy2' running 'TEDPolicy.predict_action_probabilities'.
2025-01-14 17:16:19,449 [DEBUG]  TED predicted 'action_listen' based on user intent.
2025-01-14 17:16:19,449 [DEBUG]  Node 'select_prediction' running 'DefaultPolicyPredictionEnsemble.combine_predictions_from_kwargs'.
2025-01-14 17:16:19,449 [DEBUG]  Predicted next action using RulePolicy.
2025-01-14 17:16:19,449 [DEBUG]  Predicted next action 'action_listen' with confidence 1.00.
2025-01-14 17:16:19,450 [DEBUG]  [[32m[1mdebug    [0m] [1mprocessor.actions.policy_prediction[0m [36mprediction_events[0m=[35m[][0m
2025-01-14 17:16:19,450 [DEBUG]  [[32m[1mdebug    [0m] [1mprocessor.actions.log         [0m [36maction_name[0m=[35maction_listen[0m [36mrasa_events[0m=[35m[][0m
2025-01-14 17:16:19,450 [DEBUG]  No event broker configured. Skipping streaming events.
2025-01-14 17:16:19,451 [DEBUG]  Deleted lock for conversation 'PractikumStudent'.
2025-01-14 17:16:26,072 [DEBUG]  Issuing ticket for conversation 'PractikumStudent'.
2025-01-14 17:16:26,072 [DEBUG]  Acquiring lock for conversation 'PractikumStudent'.
2025-01-14 17:16:26,072 [DEBUG]  Acquired lock for conversation 'PractikumStudent'.
2025-01-14 17:16:26,072 [DEBUG]  Recreating tracker for id 'PractikumStudent'
2025-01-14 17:16:26,074 [DEBUG]  Running graph with inputs: {'__message__': [<rasa.core.channels.channel.UserMessage object at 0x7fd4c0734370>], '__tracker__': <rasa.shared.core.trackers.DialogueStateTracker object at 0x7fd41796f2b0>}, targets: ['run_RegexMessageHandler'] and ExecutionContext(model_id='54251e8b46204ee38fe8d10ff64b1131', should_add_diagnostic_data=False, is_finetuning=False, node_name=None).
2025-01-14 17:16:26,074 [DEBUG]  Node 'nlu_message_converter' running 'NLUMessageConverter.convert_user_message'.
2025-01-14 17:16:26,074 [DEBUG]  Node 'run_WhitespaceTokenizer0' running 'WhitespaceTokenizer.process'.
2025-01-14 17:16:26,075 [DEBUG]  Node 'run_RegexFeaturizer1' running 'RegexFeaturizer.process'.
2025-01-14 17:16:26,075 [DEBUG]  Node 'run_LexicalSyntacticFeaturizer2' running 'LexicalSyntacticFeaturizer.process'.
2025-01-14 17:16:26,075 [DEBUG]  Node 'run_CountVectorsFeaturizer3' running 'CountVectorsFeaturizer.process'.
2025-01-14 17:16:26,076 [DEBUG]  Node 'run_LanguageModelFeaturizer4' running 'LanguageModelFeaturizer.process'.
2025-01-14 17:16:26,344 [DEBUG]  Node 'run_DIETClassifier5' running 'DIETClassifier.process'.
2025-01-14 17:16:26,352 [DEBUG]  Node 'run_EntitySynonymMapper6' running 'EntitySynonymMapper.process'.
2025-01-14 17:16:26,352 [DEBUG]  Node 'run_ResponseSelector7' running 'ResponseSelector.process'.
2025-01-14 17:16:26,352 [DEBUG]  There is no trained model for 'ResponseSelector': The component is either not trained or didn't receive enough training data.
2025-01-14 17:16:26,352 [DEBUG]  Adding following selector key to message property: default
2025-01-14 17:16:26,353 [DEBUG]  Node 'domain_provider' running 'DomainProvider.provide_inference'.
2025-01-14 17:16:26,353 [DEBUG]  Node 'run_RegexMessageHandler' running 'RegexMessageHandler.process'.
2025-01-14 17:16:26,353 [DEBUG]  [[32m[1mdebug    [0m] [1mprocessor.message.parse       [0m [36mparse_data_entities[0m=[35m[][0m [36mparse_data_intent[0m=[35m{'name': 'greet', 'confidence': 0.35108208656311035}[0m [36mparse_data_text[0m=[35mЗдравствуйте[0m
2025-01-14 17:16:26,354 [DEBUG]  Logged UserUtterance - tracker now has 16 events.
2025-01-14 17:16:26,354 [DEBUG]  Validating extracted slots: topic
2025-01-14 17:16:26,354 [DEBUG]  [[32m[1mdebug    [0m] [1mprocessor.extract.slots       [0m [36maction_extract_slot[0m=[35maction_extract_slots[0m [36mlen_extraction_events[0m=[35m1[0m [36mrasa_events[0m=[35m[SlotSet(key: topic, value: Здравствуйте)][0m
2025-01-14 17:16:26,355 [DEBUG]  Running graph with inputs: {'__tracker__': <rasa.shared.core.trackers.DialogueStateTracker object at 0x7fd41796f2b0>}, targets: ['select_prediction'] and ExecutionContext(model_id='54251e8b46204ee38fe8d10ff64b1131', should_add_diagnostic_data=False, is_finetuning=False, node_name=None).
2025-01-14 17:16:26,355 [DEBUG]  Node 'rule_only_data_provider' running 'RuleOnlyDataProvider.provide'.
2025-01-14 17:16:26,355 [DEBUG]  Node 'domain_provider' running 'DomainProvider.provide_inference'.
2025-01-14 17:16:26,355 [DEBUG]  Node 'run_MemoizationPolicy0' running 'MemoizationPolicy.predict_action_probabilities'.
2025-01-14 17:16:26,356 [DEBUG]  [[32m[1mdebug    [0m] [1mmemoization.predict.actions   [0m [36mtracker_states[0m=[35m[{'user': {'intent': 'greet'}, 'prev_action': {'action_name': 'action_listen'}}, {'user': {'intent': 'greet'}, 'prev_action': {'action_name': 'utter_greet'}}, {'user': {'intent': 'goodbye'}, 'prev_action': {'action_name': 'action_listen'}}, {'user': {'intent': 'goodbye'}, 'prev_action': {'action_name': 'utter_goodbye'}}, {'user': {'intent': 'greet'}, 'prev_action': {'action_name': 'action_listen'}}][0m
2025-01-14 17:16:26,356 [DEBUG]  There is no memorised next action
2025-01-14 17:16:26,356 [DEBUG]  Node 'run_RulePolicy1' running 'RulePolicy.predict_action_probabilities'.
2025-01-14 17:16:26,357 [DEBUG]  [[32m[1mdebug    [0m] [1mrule_policy.actions.find      [0m [36mcurrent_states[0m=[35m
[state 1] user intent: greet | previous action name: action_listen
[state 2] user intent: greet | previous action name: utter_greet
[state 3] user intent: goodbye | previous action name: action_listen
[state 4] user intent: goodbye | previous action name: utter_goodbye
[state 5] user text: Здравствуйте | previous action name: action_listen[0m
2025-01-14 17:16:26,357 [DEBUG]  There is no applicable rule.
2025-01-14 17:16:26,357 [DEBUG]  [[32m[1mdebug    [0m] [1mrule_policy.actions.find      [0m [36mcurrent_states[0m=[35m
[state 1] user intent: greet | previous action name: action_listen
[state 2] user intent: greet | previous action name: utter_greet
[state 3] user intent: goodbye | previous action name: action_listen
[state 4] user intent: goodbye | previous action name: utter_goodbye
[state 5] user intent: greet | previous action name: action_listen[0m
2025-01-14 17:16:26,358 [DEBUG]  There is a rule for the next action 'utter_greet'.
2025-01-14 17:16:26,358 [DEBUG]  Node 'run_TEDPolicy2' running 'TEDPolicy.predict_action_probabilities'.
2025-01-14 17:16:26,363 [DEBUG]  TED predicted 'utter_greet' based on user intent.
2025-01-14 17:16:26,364 [DEBUG]  Node 'select_prediction' running 'DefaultPolicyPredictionEnsemble.combine_predictions_from_kwargs'.
2025-01-14 17:16:26,364 [DEBUG]  Made prediction using user intent.
2025-01-14 17:16:26,364 [DEBUG]  Added `DefinePrevUserUtteredFeaturization(False)` event.
2025-01-14 17:16:26,364 [DEBUG]  Predicted next action using RulePolicy.
2025-01-14 17:16:26,364 [DEBUG]  Predicted next action 'utter_greet' with confidence 1.00.
2025-01-14 17:16:26,365 [DEBUG]  [[32m[1mdebug    [0m] [1mprocessor.actions.policy_prediction[0m [36mprediction_events[0m=[35m[<rasa.shared.core.events.DefinePrevUserUtteredFeaturization object at 0x7fd442017b20>][0m
2025-01-14 17:16:26,365 [DEBUG]  [[32m[1mdebug    [0m] [1mprocessor.actions.log         [0m [36maction_name[0m=[35mutter_greet[0m [36mrasa_events[0m=[35m[BotUttered('Привет! Чем могу помочь в области архитектуры программного обеспечения?', {"elements": null, "quick_replies": null, "buttons": null, "attachment": null, "image": null, "custom": null}, {"utter_action": "utter_greet"}, 1736874986.3650782)][0m
2025-01-14 17:16:26,365 [DEBUG]  Running graph with inputs: {'__tracker__': <rasa.shared.core.trackers.DialogueStateTracker object at 0x7fd41796f2b0>}, targets: ['select_prediction'] and ExecutionContext(model_id='54251e8b46204ee38fe8d10ff64b1131', should_add_diagnostic_data=False, is_finetuning=False, node_name=None).
2025-01-14 17:16:26,366 [DEBUG]  Node 'rule_only_data_provider' running 'RuleOnlyDataProvider.provide'.
2025-01-14 17:16:26,366 [DEBUG]  Node 'domain_provider' running 'DomainProvider.provide_inference'.
2025-01-14 17:16:26,366 [DEBUG]  Node 'run_MemoizationPolicy0' running 'MemoizationPolicy.predict_action_probabilities'.
2025-01-14 17:16:26,366 [DEBUG]  [[32m[1mdebug    [0m] [1mmemoization.predict.actions   [0m [36mtracker_states[0m=[35m[{'user': {'intent': 'greet'}, 'prev_action': {'action_name': 'utter_greet'}}, {'user': {'intent': 'goodbye'}, 'prev_action': {'action_name': 'action_listen'}}, {'user': {'intent': 'goodbye'}, 'prev_action': {'action_name': 'utter_goodbye'}}, {'user': {'intent': 'greet'}, 'prev_action': {'action_name': 'action_listen'}}, {'user': {'intent': 'greet'}, 'prev_action': {'action_name': 'utter_greet'}}][0m
2025-01-14 17:16:26,367 [DEBUG]  There is no memorised next action
2025-01-14 17:16:26,367 [DEBUG]  Node 'run_RulePolicy1' running 'RulePolicy.predict_action_probabilities'.
2025-01-14 17:16:26,367 [DEBUG]  [[32m[1mdebug    [0m] [1mrule_policy.actions.find      [0m [36mcurrent_states[0m=[35m
[state 1] user intent: greet | previous action name: action_listen
[state 2] user intent: greet | previous action name: utter_greet
[state 3] user intent: goodbye | previous action name: action_listen
[state 4] user intent: goodbye | previous action name: utter_goodbye
[state 5] user intent: greet | previous action name: action_listen
[state 6] user intent: greet | previous action name: utter_greet[0m
2025-01-14 17:16:26,367 [DEBUG]  There is a rule for the next action 'action_listen'.
2025-01-14 17:16:26,367 [DEBUG]  Node 'run_TEDPolicy2' running 'TEDPolicy.predict_action_probabilities'.
2025-01-14 17:16:26,373 [DEBUG]  TED predicted 'action_listen' based on user intent.
2025-01-14 17:16:26,373 [DEBUG]  Node 'select_prediction' running 'DefaultPolicyPredictionEnsemble.combine_predictions_from_kwargs'.
2025-01-14 17:16:26,373 [DEBUG]  Predicted next action using RulePolicy.
2025-01-14 17:16:26,373 [DEBUG]  Predicted next action 'action_listen' with confidence 1.00.
2025-01-14 17:16:26,374 [DEBUG]  [[32m[1mdebug    [0m] [1mprocessor.actions.policy_prediction[0m [36mprediction_events[0m=[35m[][0m
2025-01-14 17:16:26,374 [DEBUG]  [[32m[1mdebug    [0m] [1mprocessor.actions.log         [0m [36maction_name[0m=[35maction_listen[0m [36mrasa_events[0m=[35m[][0m
2025-01-14 17:16:26,374 [DEBUG]  No event broker configured. Skipping streaming events.
2025-01-14 17:16:26,375 [DEBUG]  Deleted lock for conversation 'PractikumStudent'.
2025-01-14 17:16:40,708 [DEBUG]  Issuing ticket for conversation 'PractikumStudent'.
2025-01-14 17:16:40,708 [DEBUG]  Acquiring lock for conversation 'PractikumStudent'.
2025-01-14 17:16:40,708 [DEBUG]  Acquired lock for conversation 'PractikumStudent'.
2025-01-14 17:16:40,708 [DEBUG]  Recreating tracker for id 'PractikumStudent'
2025-01-14 17:16:40,710 [DEBUG]  Running graph with inputs: {'__message__': [<rasa.core.channels.channel.UserMessage object at 0x7fd443d5e920>], '__tracker__': <rasa.shared.core.trackers.DialogueStateTracker object at 0x7fd443dc8d60>}, targets: ['run_RegexMessageHandler'] and ExecutionContext(model_id='54251e8b46204ee38fe8d10ff64b1131', should_add_diagnostic_data=False, is_finetuning=False, node_name=None).
2025-01-14 17:16:40,711 [DEBUG]  Node 'nlu_message_converter' running 'NLUMessageConverter.convert_user_message'.
2025-01-14 17:16:40,711 [DEBUG]  Node 'run_WhitespaceTokenizer0' running 'WhitespaceTokenizer.process'.
2025-01-14 17:16:40,711 [DEBUG]  Node 'run_RegexFeaturizer1' running 'RegexFeaturizer.process'.
2025-01-14 17:16:40,711 [DEBUG]  Node 'run_LexicalSyntacticFeaturizer2' running 'LexicalSyntacticFeaturizer.process'.
2025-01-14 17:16:40,712 [DEBUG]  Node 'run_CountVectorsFeaturizer3' running 'CountVectorsFeaturizer.process'.
2025-01-14 17:16:40,713 [DEBUG]  Node 'run_LanguageModelFeaturizer4' running 'LanguageModelFeaturizer.process'.
2025-01-14 17:16:41,035 [DEBUG]  Node 'run_DIETClassifier5' running 'DIETClassifier.process'.
2025-01-14 17:16:41,044 [DEBUG]  Node 'run_EntitySynonymMapper6' running 'EntitySynonymMapper.process'.
2025-01-14 17:16:41,044 [DEBUG]  Node 'run_ResponseSelector7' running 'ResponseSelector.process'.
2025-01-14 17:16:41,044 [DEBUG]  There is no trained model for 'ResponseSelector': The component is either not trained or didn't receive enough training data.
2025-01-14 17:16:41,044 [DEBUG]  Adding following selector key to message property: default
2025-01-14 17:16:41,044 [DEBUG]  Node 'domain_provider' running 'DomainProvider.provide_inference'.
2025-01-14 17:16:41,045 [DEBUG]  Node 'run_RegexMessageHandler' running 'RegexMessageHandler.process'.
2025-01-14 17:16:41,045 [DEBUG]  [[32m[1mdebug    [0m] [1mprocessor.message.parse       [0m [36mparse_data_entities[0m=[35m[][0m [36mparse_data_intent[0m=[35m{'name': 'ask_architecture', 'confidence': 0.8982638120651245}[0m [36mparse_data_text[0m=[35mКакие подходы существуют в архитектуре?[0m
2025-01-14 17:16:41,045 [DEBUG]  Logged UserUtterance - tracker now has 22 events.
2025-01-14 17:16:41,046 [DEBUG]  Validating extracted slots: topic
2025-01-14 17:16:41,046 [DEBUG]  [[32m[1mdebug    [0m] [1mprocessor.extract.slots       [0m [36maction_extract_slot[0m=[35maction_extract_slots[0m [36mlen_extraction_events[0m=[35m1[0m [36mrasa_events[0m=[35m[SlotSet(key: topic, value: Какие подходы существуют в архитектуре?)][0m
2025-01-14 17:16:41,046 [DEBUG]  Running graph with inputs: {'__tracker__': <rasa.shared.core.trackers.DialogueStateTracker object at 0x7fd443dc8d60>}, targets: ['select_prediction'] and ExecutionContext(model_id='54251e8b46204ee38fe8d10ff64b1131', should_add_diagnostic_data=False, is_finetuning=False, node_name=None).
2025-01-14 17:16:41,047 [DEBUG]  Node 'rule_only_data_provider' running 'RuleOnlyDataProvider.provide'.
2025-01-14 17:16:41,047 [DEBUG]  Node 'domain_provider' running 'DomainProvider.provide_inference'.
2025-01-14 17:16:41,047 [DEBUG]  Node 'run_MemoizationPolicy0' running 'MemoizationPolicy.predict_action_probabilities'.
2025-01-14 17:16:41,048 [DEBUG]  [[32m[1mdebug    [0m] [1mmemoization.predict.actions   [0m [36mtracker_states[0m=[35m[{'user': {'intent': 'goodbye'}, 'prev_action': {'action_name': 'action_listen'}}, {'user': {'intent': 'goodbye'}, 'prev_action': {'action_name': 'utter_goodbye'}}, {'user': {'intent': 'greet'}, 'prev_action': {'action_name': 'action_listen'}}, {'user': {'intent': 'greet'}, 'prev_action': {'action_name': 'utter_greet'}}, {'user': {'intent': 'ask_architecture'}, 'prev_action': {'action_name': 'action_listen'}}][0m
2025-01-14 17:16:41,048 [DEBUG]  There is no memorised next action
2025-01-14 17:16:41,048 [DEBUG]  Node 'run_RulePolicy1' running 'RulePolicy.predict_action_probabilities'.
2025-01-14 17:16:41,048 [DEBUG]  [[32m[1mdebug    [0m] [1mrule_policy.actions.find      [0m [36mcurrent_states[0m=[35m
[state 1] user intent: greet | previous action name: action_listen
[state 2] user intent: greet | previous action name: utter_greet
[state 3] user intent: goodbye | previous action name: action_listen
[state 4] user intent: goodbye | previous action name: utter_goodbye
[state 5] user intent: greet | previous action name: action_listen
[state 6] user intent: greet | previous action name: utter_greet
[state 7] user text: Какие подходы существуют в архитектуре? | previous action name: action_listen[0m
2025-01-14 17:16:41,049 [DEBUG]  There is no applicable rule.
2025-01-14 17:16:41,049 [DEBUG]  [[32m[1mdebug    [0m] [1mrule_policy.actions.find      [0m [36mcurrent_states[0m=[35m
[state 1] user intent: greet | previous action name: action_listen
[state 2] user intent: greet | previous action name: utter_greet
[state 3] user intent: goodbye | previous action name: action_listen
[state 4] user intent: goodbye | previous action name: utter_goodbye
[state 5] user intent: greet | previous action name: action_listen
[state 6] user intent: greet | previous action name: utter_greet
[state 7] user intent: ask_architecture | previous action name: action_listen[0m
2025-01-14 17:16:41,049 [DEBUG]  There is a rule for the next action 'utter_architecture_response'.
2025-01-14 17:16:41,050 [DEBUG]  Node 'run_TEDPolicy2' running 'TEDPolicy.predict_action_probabilities'.
2025-01-14 17:16:41,055 [DEBUG]  TED predicted 'utter_goodbye' based on user intent.
2025-01-14 17:16:41,056 [DEBUG]  Node 'select_prediction' running 'DefaultPolicyPredictionEnsemble.combine_predictions_from_kwargs'.
2025-01-14 17:16:41,056 [DEBUG]  Made prediction using user intent.
2025-01-14 17:16:41,056 [DEBUG]  Added `DefinePrevUserUtteredFeaturization(False)` event.
2025-01-14 17:16:41,056 [DEBUG]  Predicted next action using RulePolicy.
2025-01-14 17:16:41,056 [DEBUG]  Predicted next action 'utter_architecture_response' with confidence 1.00.
2025-01-14 17:16:41,057 [DEBUG]  [[32m[1mdebug    [0m] [1mprocessor.actions.policy_prediction[0m [36mprediction_events[0m=[35m[<rasa.shared.core.events.DefinePrevUserUtteredFeaturization object at 0x7fd442017f70>][0m
2025-01-14 17:16:41,057 [DEBUG]  [[32m[1mdebug    [0m] [1mprocessor.actions.log         [0m [36maction_name[0m=[35mutter_architecture_response[0m [36mrasa_events[0m=[35m[BotUttered('Архитектура ПО включает выбор структур, которые обеспечивают масштабируемость, гибкость и поддерживаемость приложения. Задайте конкретный вопрос по этой теме, и я помогу вам с информацией.', {"elements": null, "quick_replies": null, "buttons": null, "attachment": null, "image": null, "custom": null}, {"utter_action": "utter_architecture_response"}, 1736875001.0570607)][0m
2025-01-14 17:16:41,057 [DEBUG]  Running graph with inputs: {'__tracker__': <rasa.shared.core.trackers.DialogueStateTracker object at 0x7fd443dc8d60>}, targets: ['select_prediction'] and ExecutionContext(model_id='54251e8b46204ee38fe8d10ff64b1131', should_add_diagnostic_data=False, is_finetuning=False, node_name=None).
2025-01-14 17:16:41,058 [DEBUG]  Node 'rule_only_data_provider' running 'RuleOnlyDataProvider.provide'.
2025-01-14 17:16:41,058 [DEBUG]  Node 'domain_provider' running 'DomainProvider.provide_inference'.
2025-01-14 17:16:41,058 [DEBUG]  Node 'run_MemoizationPolicy0' running 'MemoizationPolicy.predict_action_probabilities'.
2025-01-14 17:16:41,059 [DEBUG]  [[32m[1mdebug    [0m] [1mmemoization.predict.actions   [0m [36mtracker_states[0m=[35m[{'user': {'intent': 'goodbye'}, 'prev_action': {'action_name': 'utter_goodbye'}}, {'user': {'intent': 'greet'}, 'prev_action': {'action_name': 'action_listen'}}, {'user': {'intent': 'greet'}, 'prev_action': {'action_name': 'utter_greet'}}, {'user': {'intent': 'ask_architecture'}, 'prev_action': {'action_name': 'action_listen'}}, {'user': {'intent': 'ask_architecture'}, 'prev_action': {'action_name': 'utter_architecture_response'}}][0m
2025-01-14 17:16:41,059 [DEBUG]  There is no memorised next action
2025-01-14 17:16:41,059 [DEBUG]  Node 'run_RulePolicy1' running 'RulePolicy.predict_action_probabilities'.
2025-01-14 17:16:41,059 [DEBUG]  [[32m[1mdebug    [0m] [1mrule_policy.actions.find      [0m [36mcurrent_states[0m=[35m
[state 1] user intent: greet | previous action name: action_listen
[state 2] user intent: greet | previous action name: utter_greet
[state 3] user intent: goodbye | previous action name: action_listen
[state 4] user intent: goodbye | previous action name: utter_goodbye
[state 5] user intent: greet | previous action name: action_listen
[state 6] user intent: greet | previous action name: utter_greet
[state 7] user intent: ask_architecture | previous action name: action_listen
[state 8] user intent: ask_architecture | previous action name: utter_architecture_response[0m
2025-01-14 17:16:41,060 [DEBUG]  There is a rule for the next action 'action_listen'.
2025-01-14 17:16:41,060 [DEBUG]  Node 'run_TEDPolicy2' running 'TEDPolicy.predict_action_probabilities'.
2025-01-14 17:16:41,065 [DEBUG]  TED predicted 'action_listen' based on user intent.
2025-01-14 17:16:41,065 [DEBUG]  Node 'select_prediction' running 'DefaultPolicyPredictionEnsemble.combine_predictions_from_kwargs'.
2025-01-14 17:16:41,066 [DEBUG]  Predicted next action using RulePolicy.
2025-01-14 17:16:41,066 [DEBUG]  Predicted next action 'action_listen' with confidence 1.00.
2025-01-14 17:16:41,066 [DEBUG]  [[32m[1mdebug    [0m] [1mprocessor.actions.policy_prediction[0m [36mprediction_events[0m=[35m[][0m
2025-01-14 17:16:41,066 [DEBUG]  [[32m[1mdebug    [0m] [1mprocessor.actions.log         [0m [36maction_name[0m=[35maction_listen[0m [36mrasa_events[0m=[35m[][0m
2025-01-14 17:16:41,066 [DEBUG]  No event broker configured. Skipping streaming events.
2025-01-14 17:16:41,067 [DEBUG]  Deleted lock for conversation 'PractikumStudent'.
2025-01-14 17:16:56,077 [DEBUG]  Issuing ticket for conversation 'PractikumStudent'.
2025-01-14 17:16:56,077 [DEBUG]  Acquiring lock for conversation 'PractikumStudent'.
2025-01-14 17:16:56,077 [DEBUG]  Acquired lock for conversation 'PractikumStudent'.
2025-01-14 17:16:56,077 [DEBUG]  Recreating tracker for id 'PractikumStudent'
2025-01-14 17:16:56,079 [DEBUG]  Running graph with inputs: {'__message__': [<rasa.core.channels.channel.UserMessage object at 0x7fd41792df00>], '__tracker__': <rasa.shared.core.trackers.DialogueStateTracker object at 0x7fd443dc8d60>}, targets: ['run_RegexMessageHandler'] and ExecutionContext(model_id='54251e8b46204ee38fe8d10ff64b1131', should_add_diagnostic_data=False, is_finetuning=False, node_name=None).
2025-01-14 17:16:56,080 [DEBUG]  Node 'nlu_message_converter' running 'NLUMessageConverter.convert_user_message'.
2025-01-14 17:16:56,080 [DEBUG]  Node 'run_WhitespaceTokenizer0' running 'WhitespaceTokenizer.process'.
2025-01-14 17:16:56,080 [DEBUG]  Node 'run_RegexFeaturizer1' running 'RegexFeaturizer.process'.
2025-01-14 17:16:56,080 [DEBUG]  Node 'run_LexicalSyntacticFeaturizer2' running 'LexicalSyntacticFeaturizer.process'.
2025-01-14 17:16:56,081 [DEBUG]  Node 'run_CountVectorsFeaturizer3' running 'CountVectorsFeaturizer.process'.
2025-01-14 17:16:56,081 [DEBUG]  Node 'run_LanguageModelFeaturizer4' running 'LanguageModelFeaturizer.process'.
2025-01-14 17:16:56,335 [DEBUG]  Node 'run_DIETClassifier5' running 'DIETClassifier.process'.
2025-01-14 17:16:56,342 [DEBUG]  Node 'run_EntitySynonymMapper6' running 'EntitySynonymMapper.process'.
2025-01-14 17:16:56,342 [DEBUG]  Node 'run_ResponseSelector7' running 'ResponseSelector.process'.
2025-01-14 17:16:56,343 [DEBUG]  There is no trained model for 'ResponseSelector': The component is either not trained or didn't receive enough training data.
2025-01-14 17:16:56,343 [DEBUG]  Adding following selector key to message property: default
2025-01-14 17:16:56,343 [DEBUG]  Node 'domain_provider' running 'DomainProvider.provide_inference'.
2025-01-14 17:16:56,343 [DEBUG]  Node 'run_RegexMessageHandler' running 'RegexMessageHandler.process'.
2025-01-14 17:16:56,343 [DEBUG]  [[32m[1mdebug    [0m] [1mprocessor.message.parse       [0m [36mparse_data_entities[0m=[35m[][0m [36mparse_data_intent[0m=[35m{'name': 'affirm', 'confidence': 0.28201621770858765}[0m [36mparse_data_text[0m=[35mНеверно[0m
2025-01-14 17:16:56,344 [DEBUG]  Logged UserUtterance - tracker now has 28 events.
2025-01-14 17:16:56,344 [DEBUG]  Validating extracted slots: topic
2025-01-14 17:16:56,344 [DEBUG]  [[32m[1mdebug    [0m] [1mprocessor.extract.slots       [0m [36maction_extract_slot[0m=[35maction_extract_slots[0m [36mlen_extraction_events[0m=[35m1[0m [36mrasa_events[0m=[35m[SlotSet(key: topic, value: Неверно)][0m
2025-01-14 17:16:56,345 [DEBUG]  Running graph with inputs: {'__tracker__': <rasa.shared.core.trackers.DialogueStateTracker object at 0x7fd443dc8d60>}, targets: ['select_prediction'] and ExecutionContext(model_id='54251e8b46204ee38fe8d10ff64b1131', should_add_diagnostic_data=False, is_finetuning=False, node_name=None).
2025-01-14 17:16:56,345 [DEBUG]  Node 'rule_only_data_provider' running 'RuleOnlyDataProvider.provide'.
2025-01-14 17:16:56,345 [DEBUG]  Node 'domain_provider' running 'DomainProvider.provide_inference'.
2025-01-14 17:16:56,345 [DEBUG]  Node 'run_MemoizationPolicy0' running 'MemoizationPolicy.predict_action_probabilities'.
2025-01-14 17:16:56,346 [DEBUG]  [[32m[1mdebug    [0m] [1mmemoization.predict.actions   [0m [36mtracker_states[0m=[35m[{'user': {'intent': 'greet'}, 'prev_action': {'action_name': 'action_listen'}}, {'user': {'intent': 'greet'}, 'prev_action': {'action_name': 'utter_greet'}}, {'user': {'intent': 'ask_architecture'}, 'prev_action': {'action_name': 'action_listen'}}, {'user': {'intent': 'ask_architecture'}, 'prev_action': {'action_name': 'utter_architecture_response'}}, {'user': {'intent': 'affirm'}, 'prev_action': {'action_name': 'action_listen'}}][0m
2025-01-14 17:16:56,346 [DEBUG]  There is no memorised next action
2025-01-14 17:16:56,346 [DEBUG]  Node 'run_RulePolicy1' running 'RulePolicy.predict_action_probabilities'.
2025-01-14 17:16:56,347 [DEBUG]  [[32m[1mdebug    [0m] [1mrule_policy.actions.find      [0m [36mcurrent_states[0m=[35m
[state 1] user intent: greet | previous action name: action_listen
[state 2] user intent: greet | previous action name: utter_greet
[state 3] user intent: goodbye | previous action name: action_listen
[state 4] user intent: goodbye | previous action name: utter_goodbye
[state 5] user intent: greet | previous action name: action_listen
[state 6] user intent: greet | previous action name: utter_greet
[state 7] user intent: ask_architecture | previous action name: action_listen
[state 8] user intent: ask_architecture | previous action name: utter_architecture_response
[state 9] user text: Неверно | previous action name: action_listen[0m
2025-01-14 17:16:56,347 [DEBUG]  There is no applicable rule.
2025-01-14 17:16:56,348 [DEBUG]  [[32m[1mdebug    [0m] [1mrule_policy.actions.find      [0m [36mcurrent_states[0m=[35m
[state 1] user intent: greet | previous action name: action_listen
[state 2] user intent: greet | previous action name: utter_greet
[state 3] user intent: goodbye | previous action name: action_listen
[state 4] user intent: goodbye | previous action name: utter_goodbye
[state 5] user intent: greet | previous action name: action_listen
[state 6] user intent: greet | previous action name: utter_greet
[state 7] user intent: ask_architecture | previous action name: action_listen
[state 8] user intent: ask_architecture | previous action name: utter_architecture_response
[state 9] user intent: affirm | previous action name: action_listen[0m
2025-01-14 17:16:56,348 [DEBUG]  There is no applicable rule.
2025-01-14 17:16:56,348 [DEBUG]  Node 'run_TEDPolicy2' running 'TEDPolicy.predict_action_probabilities'.
2025-01-14 17:16:56,353 [DEBUG]  TED predicted 'utter_greet' based on user intent.
2025-01-14 17:16:56,354 [DEBUG]  Node 'select_prediction' running 'DefaultPolicyPredictionEnsemble.combine_predictions_from_kwargs'.
2025-01-14 17:16:56,354 [DEBUG]  Made prediction using user intent.
2025-01-14 17:16:56,354 [DEBUG]  Added `DefinePrevUserUtteredFeaturization(False)` event.
2025-01-14 17:16:56,354 [DEBUG]  Predicted next action using RulePolicy.
2025-01-14 17:16:56,354 [DEBUG]  Predicted next action 'action_default_fallback' with confidence 0.30.
2025-01-14 17:16:56,355 [DEBUG]  [[32m[1mdebug    [0m] [1mprocessor.actions.policy_prediction[0m [36mprediction_events[0m=[35m[<rasa.shared.core.events.DefinePrevUserUtteredFeaturization object at 0x7fd442017dc0>][0m
2025-01-14 17:16:56,355 [DEBUG]  [[32m[1mdebug    [0m] [1mprocessor.actions.log         [0m [36maction_name[0m=[35maction_default_fallback[0m [36mrasa_events[0m=[35m[<rasa.shared.core.events.UserUtteranceReverted object at 0x7fd442015870>][0m
2025-01-14 17:16:56,355 [DEBUG]  [[32m[1mdebug    [0m] [1mprocessor.slots.log           [0m [36mslot_values[0m=[35m	topic: Какие подходы существуют в архитектуре?
	session_started_metadata: None[0m
2025-01-14 17:16:56,356 [DEBUG]  Running graph with inputs: {'__tracker__': <rasa.shared.core.trackers.DialogueStateTracker object at 0x7fd443dc8d60>}, targets: ['select_prediction'] and ExecutionContext(model_id='54251e8b46204ee38fe8d10ff64b1131', should_add_diagnostic_data=False, is_finetuning=False, node_name=None).
2025-01-14 17:16:56,356 [DEBUG]  Node 'rule_only_data_provider' running 'RuleOnlyDataProvider.provide'.
2025-01-14 17:16:56,356 [DEBUG]  Node 'domain_provider' running 'DomainProvider.provide_inference'.
2025-01-14 17:16:56,356 [DEBUG]  Node 'run_MemoizationPolicy0' running 'MemoizationPolicy.predict_action_probabilities'.
2025-01-14 17:16:56,357 [DEBUG]  [[32m[1mdebug    [0m] [1mmemoization.predict.actions   [0m [36mtracker_states[0m=[35m[{'user': {'intent': 'goodbye'}, 'prev_action': {'action_name': 'utter_goodbye'}}, {'user': {'intent': 'greet'}, 'prev_action': {'action_name': 'action_listen'}}, {'user': {'intent': 'greet'}, 'prev_action': {'action_name': 'utter_greet'}}, {'user': {'intent': 'ask_architecture'}, 'prev_action': {'action_name': 'action_listen'}}, {'user': {'intent': 'ask_architecture'}, 'prev_action': {'action_name': 'utter_architecture_response'}}][0m
2025-01-14 17:16:56,357 [DEBUG]  There is no memorised next action
2025-01-14 17:16:56,357 [DEBUG]  Node 'run_RulePolicy1' running 'RulePolicy.predict_action_probabilities'.
2025-01-14 17:16:56,358 [DEBUG]  [[32m[1mdebug    [0m] [1mrule_policy.actions.find      [0m [36mcurrent_states[0m=[35m
[state 1] user intent: greet | previous action name: action_listen
[state 2] user intent: greet | previous action name: utter_greet
[state 3] user intent: goodbye | previous action name: action_listen
[state 4] user intent: goodbye | previous action name: utter_goodbye
[state 5] user intent: greet | previous action name: action_listen
[state 6] user intent: greet | previous action name: utter_greet
[state 7] user intent: ask_architecture | previous action name: action_listen
[state 8] user intent: ask_architecture | previous action name: utter_architecture_response[0m
2025-01-14 17:16:56,358 [DEBUG]  There is a rule for the next action 'action_listen'.
2025-01-14 17:16:56,358 [DEBUG]  Node 'run_TEDPolicy2' running 'TEDPolicy.predict_action_probabilities'.
2025-01-14 17:16:56,364 [DEBUG]  TED predicted 'action_listen' based on user intent.
2025-01-14 17:16:56,364 [DEBUG]  Node 'select_prediction' running 'DefaultPolicyPredictionEnsemble.combine_predictions_from_kwargs'.
2025-01-14 17:16:56,364 [DEBUG]  Predicted next action using RulePolicy.
2025-01-14 17:16:56,364 [DEBUG]  Predicted next action 'action_listen' with confidence 1.00.
2025-01-14 17:16:56,364 [DEBUG]  [[32m[1mdebug    [0m] [1mprocessor.actions.policy_prediction[0m [36mprediction_events[0m=[35m[][0m
2025-01-14 17:16:56,365 [DEBUG]  [[32m[1mdebug    [0m] [1mprocessor.actions.log         [0m [36maction_name[0m=[35maction_listen[0m [36mrasa_events[0m=[35m[][0m
2025-01-14 17:16:56,365 [DEBUG]  No event broker configured. Skipping streaming events.
2025-01-14 17:16:56,365 [DEBUG]  Deleted lock for conversation 'PractikumStudent'.
2025-01-14 17:17:08,308 [DEBUG]  Issuing ticket for conversation 'PractikumStudent'.
2025-01-14 17:17:08,309 [DEBUG]  Acquiring lock for conversation 'PractikumStudent'.
2025-01-14 17:17:08,309 [DEBUG]  Acquired lock for conversation 'PractikumStudent'.
2025-01-14 17:17:08,309 [DEBUG]  Recreating tracker for id 'PractikumStudent'
2025-01-14 17:17:08,311 [DEBUG]  Running graph with inputs: {'__message__': [<rasa.core.channels.channel.UserMessage object at 0x7fd454738160>], '__tracker__': <rasa.shared.core.trackers.DialogueStateTracker object at 0x7fd443dc8d60>}, targets: ['run_RegexMessageHandler'] and ExecutionContext(model_id='54251e8b46204ee38fe8d10ff64b1131', should_add_diagnostic_data=False, is_finetuning=False, node_name=None).
2025-01-14 17:17:08,312 [DEBUG]  Node 'nlu_message_converter' running 'NLUMessageConverter.convert_user_message'.
2025-01-14 17:17:08,312 [DEBUG]  Node 'run_WhitespaceTokenizer0' running 'WhitespaceTokenizer.process'.
2025-01-14 17:17:08,312 [DEBUG]  Node 'run_RegexFeaturizer1' running 'RegexFeaturizer.process'.
2025-01-14 17:17:08,312 [DEBUG]  Node 'run_LexicalSyntacticFeaturizer2' running 'LexicalSyntacticFeaturizer.process'.
2025-01-14 17:17:08,313 [DEBUG]  Node 'run_CountVectorsFeaturizer3' running 'CountVectorsFeaturizer.process'.
2025-01-14 17:17:08,314 [DEBUG]  Node 'run_LanguageModelFeaturizer4' running 'LanguageModelFeaturizer.process'.
2025-01-14 17:17:08,604 [DEBUG]  Node 'run_DIETClassifier5' running 'DIETClassifier.process'.
2025-01-14 17:17:08,612 [DEBUG]  Node 'run_EntitySynonymMapper6' running 'EntitySynonymMapper.process'.
2025-01-14 17:17:08,612 [DEBUG]  Node 'run_ResponseSelector7' running 'ResponseSelector.process'.
2025-01-14 17:17:08,613 [DEBUG]  There is no trained model for 'ResponseSelector': The component is either not trained or didn't receive enough training data.
2025-01-14 17:17:08,613 [DEBUG]  Adding following selector key to message property: default
2025-01-14 17:17:08,613 [DEBUG]  Node 'domain_provider' running 'DomainProvider.provide_inference'.
2025-01-14 17:17:08,613 [DEBUG]  Node 'run_RegexMessageHandler' running 'RegexMessageHandler.process'.
2025-01-14 17:17:08,613 [DEBUG]  [[32m[1mdebug    [0m] [1mprocessor.message.parse       [0m [36mparse_data_entities[0m=[35m[][0m [36mparse_data_intent[0m=[35m{'name': 'request_info', 'confidence': 0.47770464420318604}[0m [36mparse_data_text[0m=[35mРасскажите больше об этом[0m
2025-01-14 17:17:08,614 [DEBUG]  Logged UserUtterance - tracker now has 34 events.
2025-01-14 17:17:08,614 [DEBUG]  Validating extracted slots: topic
2025-01-14 17:17:08,614 [DEBUG]  [[32m[1mdebug    [0m] [1mprocessor.extract.slots       [0m [36maction_extract_slot[0m=[35maction_extract_slots[0m [36mlen_extraction_events[0m=[35m1[0m [36mrasa_events[0m=[35m[SlotSet(key: topic, value: Расскажите больше об этом)][0m
2025-01-14 17:17:08,614 [DEBUG]  Running graph with inputs: {'__tracker__': <rasa.shared.core.trackers.DialogueStateTracker object at 0x7fd443dc8d60>}, targets: ['select_prediction'] and ExecutionContext(model_id='54251e8b46204ee38fe8d10ff64b1131', should_add_diagnostic_data=False, is_finetuning=False, node_name=None).
2025-01-14 17:17:08,615 [DEBUG]  Node 'rule_only_data_provider' running 'RuleOnlyDataProvider.provide'.
2025-01-14 17:17:08,615 [DEBUG]  Node 'domain_provider' running 'DomainProvider.provide_inference'.
2025-01-14 17:17:08,615 [DEBUG]  Node 'run_MemoizationPolicy0' running 'MemoizationPolicy.predict_action_probabilities'.
2025-01-14 17:17:08,616 [DEBUG]  [[32m[1mdebug    [0m] [1mmemoization.predict.actions   [0m [36mtracker_states[0m=[35m[{'user': {'intent': 'greet'}, 'prev_action': {'action_name': 'action_listen'}}, {'user': {'intent': 'greet'}, 'prev_action': {'action_name': 'utter_greet'}}, {'user': {'intent': 'ask_architecture'}, 'prev_action': {'action_name': 'action_listen'}}, {'user': {'intent': 'ask_architecture'}, 'prev_action': {'action_name': 'utter_architecture_response'}}, {'user': {'intent': 'request_info'}, 'prev_action': {'action_name': 'action_listen'}}][0m
2025-01-14 17:17:08,616 [DEBUG]  There is no memorised next action
2025-01-14 17:17:08,616 [DEBUG]  Node 'run_RulePolicy1' running 'RulePolicy.predict_action_probabilities'.
2025-01-14 17:17:08,617 [DEBUG]  [[32m[1mdebug    [0m] [1mrule_policy.actions.find      [0m [36mcurrent_states[0m=[35m
[state 1] user intent: greet | previous action name: action_listen
[state 2] user intent: greet | previous action name: utter_greet
[state 3] user intent: goodbye | previous action name: action_listen
[state 4] user intent: goodbye | previous action name: utter_goodbye
[state 5] user intent: greet | previous action name: action_listen
[state 6] user intent: greet | previous action name: utter_greet
[state 7] user intent: ask_architecture | previous action name: action_listen
[state 8] user intent: ask_architecture | previous action name: utter_architecture_response
[state 9] user text: Расскажите больше об этом | previous action name: action_listen[0m
2025-01-14 17:17:08,617 [DEBUG]  There is no applicable rule.
2025-01-14 17:17:08,617 [DEBUG]  [[32m[1mdebug    [0m] [1mrule_policy.actions.find      [0m [36mcurrent_states[0m=[35m
[state 1] user intent: greet | previous action name: action_listen
[state 2] user intent: greet | previous action name: utter_greet
[state 3] user intent: goodbye | previous action name: action_listen
[state 4] user intent: goodbye | previous action name: utter_goodbye
[state 5] user intent: greet | previous action name: action_listen
[state 6] user intent: greet | previous action name: utter_greet
[state 7] user intent: ask_architecture | previous action name: action_listen
[state 8] user intent: ask_architecture | previous action name: utter_architecture_response
[state 9] user intent: request_info | previous action name: action_listen[0m
2025-01-14 17:17:08,617 [DEBUG]  There is a rule for the next action 'utter_ask_more'.
2025-01-14 17:17:08,618 [DEBUG]  Node 'run_TEDPolicy2' running 'TEDPolicy.predict_action_probabilities'.
2025-01-14 17:17:08,623 [DEBUG]  TED predicted 'utter_ask_more' based on user intent.
2025-01-14 17:17:08,623 [DEBUG]  Node 'select_prediction' running 'DefaultPolicyPredictionEnsemble.combine_predictions_from_kwargs'.
2025-01-14 17:17:08,624 [DEBUG]  Made prediction using user intent.
2025-01-14 17:17:08,624 [DEBUG]  Added `DefinePrevUserUtteredFeaturization(False)` event.
2025-01-14 17:17:08,624 [DEBUG]  Predicted next action using RulePolicy.
2025-01-14 17:17:08,624 [DEBUG]  Predicted next action 'utter_ask_more' with confidence 1.00.
2025-01-14 17:17:08,625 [DEBUG]  [[32m[1mdebug    [0m] [1mprocessor.actions.policy_prediction[0m [36mprediction_events[0m=[35m[<rasa.shared.core.events.DefinePrevUserUtteredFeaturization object at 0x7fd442016a70>][0m
2025-01-14 17:17:08,625 [DEBUG]  [[32m[1mdebug    [0m] [1mprocessor.actions.log         [0m [36maction_name[0m=[35mutter_ask_more[0m [36mrasa_events[0m=[35m[BotUttered('Что именно вас интересует в архитектуре программного обеспечения?', {"elements": null, "quick_replies": null, "buttons": null, "attachment": null, "image": null, "custom": null}, {"utter_action": "utter_ask_more"}, 1736875028.624899)][0m
2025-01-14 17:17:08,625 [DEBUG]  Running graph with inputs: {'__tracker__': <rasa.shared.core.trackers.DialogueStateTracker object at 0x7fd443dc8d60>}, targets: ['select_prediction'] and ExecutionContext(model_id='54251e8b46204ee38fe8d10ff64b1131', should_add_diagnostic_data=False, is_finetuning=False, node_name=None).
2025-01-14 17:17:08,625 [DEBUG]  Node 'rule_only_data_provider' running 'RuleOnlyDataProvider.provide'.
2025-01-14 17:17:08,626 [DEBUG]  Node 'domain_provider' running 'DomainProvider.provide_inference'.
2025-01-14 17:17:08,626 [DEBUG]  Node 'run_MemoizationPolicy0' running 'MemoizationPolicy.predict_action_probabilities'.
2025-01-14 17:17:08,626 [DEBUG]  [[32m[1mdebug    [0m] [1mmemoization.predict.actions   [0m [36mtracker_states[0m=[35m[{'user': {'intent': 'greet'}, 'prev_action': {'action_name': 'utter_greet'}}, {'user': {'intent': 'ask_architecture'}, 'prev_action': {'action_name': 'action_listen'}}, {'user': {'intent': 'ask_architecture'}, 'prev_action': {'action_name': 'utter_architecture_response'}}, {'user': {'intent': 'request_info'}, 'prev_action': {'action_name': 'action_listen'}}, {'user': {'intent': 'request_info'}, 'prev_action': {'action_name': 'utter_ask_more'}}][0m
2025-01-14 17:17:08,627 [DEBUG]  There is no memorised next action
2025-01-14 17:17:08,627 [DEBUG]  Node 'run_RulePolicy1' running 'RulePolicy.predict_action_probabilities'.
2025-01-14 17:17:08,627 [DEBUG]  [[32m[1mdebug    [0m] [1mrule_policy.actions.find      [0m [36mcurrent_states[0m=[35m
[state 1] user intent: greet | previous action name: action_listen
[state 2] user intent: greet | previous action name: utter_greet
[state 3] user intent: goodbye | previous action name: action_listen
[state 4] user intent: goodbye | previous action name: utter_goodbye
[state 5] user intent: greet | previous action name: action_listen
[state 6] user intent: greet | previous action name: utter_greet
[state 7] user intent: ask_architecture | previous action name: action_listen
[state 8] user intent: ask_architecture | previous action name: utter_architecture_response
[state 9] user intent: request_info | previous action name: action_listen
[state 10] user intent: request_info | previous action name: utter_ask_more[0m
2025-01-14 17:17:08,627 [DEBUG]  There is a rule for the next action 'action_listen'.
2025-01-14 17:17:08,628 [DEBUG]  Node 'run_TEDPolicy2' running 'TEDPolicy.predict_action_probabilities'.
2025-01-14 17:17:08,633 [DEBUG]  TED predicted 'action_listen' based on user intent.
2025-01-14 17:17:08,633 [DEBUG]  Node 'select_prediction' running 'DefaultPolicyPredictionEnsemble.combine_predictions_from_kwargs'.
2025-01-14 17:17:08,633 [DEBUG]  Predicted next action using RulePolicy.
2025-01-14 17:17:08,634 [DEBUG]  Predicted next action 'action_listen' with confidence 1.00.
2025-01-14 17:17:08,634 [DEBUG]  [[32m[1mdebug    [0m] [1mprocessor.actions.policy_prediction[0m [36mprediction_events[0m=[35m[][0m
2025-01-14 17:17:08,634 [DEBUG]  [[32m[1mdebug    [0m] [1mprocessor.actions.log         [0m [36maction_name[0m=[35maction_listen[0m [36mrasa_events[0m=[35m[][0m
2025-01-14 17:17:08,634 [DEBUG]  No event broker configured. Skipping streaming events.
2025-01-14 17:17:08,635 [DEBUG]  Deleted lock for conversation 'PractikumStudent'.
2025-01-14 17:17:18,877 [DEBUG]  Issuing ticket for conversation 'PractikumStudent'.
2025-01-14 17:17:18,877 [DEBUG]  Acquiring lock for conversation 'PractikumStudent'.
2025-01-14 17:17:18,877 [DEBUG]  Acquired lock for conversation 'PractikumStudent'.
2025-01-14 17:17:18,878 [DEBUG]  Recreating tracker for id 'PractikumStudent'
2025-01-14 17:17:18,881 [DEBUG]  Running graph with inputs: {'__message__': [<rasa.core.channels.channel.UserMessage object at 0x7fd4c0734370>], '__tracker__': <rasa.shared.core.trackers.DialogueStateTracker object at 0x7fd443dc8d60>}, targets: ['run_RegexMessageHandler'] and ExecutionContext(model_id='54251e8b46204ee38fe8d10ff64b1131', should_add_diagnostic_data=False, is_finetuning=False, node_name=None).
2025-01-14 17:17:18,881 [DEBUG]  Node 'nlu_message_converter' running 'NLUMessageConverter.convert_user_message'.
2025-01-14 17:17:18,882 [DEBUG]  Node 'run_WhitespaceTokenizer0' running 'WhitespaceTokenizer.process'.
2025-01-14 17:17:18,882 [DEBUG]  Node 'run_RegexFeaturizer1' running 'RegexFeaturizer.process'.
2025-01-14 17:17:18,882 [DEBUG]  Node 'run_LexicalSyntacticFeaturizer2' running 'LexicalSyntacticFeaturizer.process'.
2025-01-14 17:17:18,883 [DEBUG]  Node 'run_CountVectorsFeaturizer3' running 'CountVectorsFeaturizer.process'.
2025-01-14 17:17:18,883 [DEBUG]  Node 'run_LanguageModelFeaturizer4' running 'LanguageModelFeaturizer.process'.
2025-01-14 17:17:19,132 [DEBUG]  Node 'run_DIETClassifier5' running 'DIETClassifier.process'.
2025-01-14 17:17:19,139 [DEBUG]  Node 'run_EntitySynonymMapper6' running 'EntitySynonymMapper.process'.
2025-01-14 17:17:19,139 [DEBUG]  Node 'run_ResponseSelector7' running 'ResponseSelector.process'.
2025-01-14 17:17:19,140 [DEBUG]  There is no trained model for 'ResponseSelector': The component is either not trained or didn't receive enough training data.
2025-01-14 17:17:19,140 [DEBUG]  Adding following selector key to message property: default
2025-01-14 17:17:19,140 [DEBUG]  Node 'domain_provider' running 'DomainProvider.provide_inference'.
2025-01-14 17:17:19,140 [DEBUG]  Node 'run_RegexMessageHandler' running 'RegexMessageHandler.process'.
2025-01-14 17:17:19,140 [DEBUG]  [[32m[1mdebug    [0m] [1mprocessor.message.parse       [0m [36mparse_data_entities[0m=[35m[][0m [36mparse_data_intent[0m=[35m{'name': 'goodbye', 'confidence': 0.4966537058353424}[0m [36mparse_data_text[0m=[35mУвидимся[0m
2025-01-14 17:17:19,141 [DEBUG]  Logged UserUtterance - tracker now has 40 events.
2025-01-14 17:17:19,141 [DEBUG]  Validating extracted slots: topic
2025-01-14 17:17:19,141 [DEBUG]  [[32m[1mdebug    [0m] [1mprocessor.extract.slots       [0m [36maction_extract_slot[0m=[35maction_extract_slots[0m [36mlen_extraction_events[0m=[35m1[0m [36mrasa_events[0m=[35m[SlotSet(key: topic, value: Увидимся)][0m
2025-01-14 17:17:19,142 [DEBUG]  Running graph with inputs: {'__tracker__': <rasa.shared.core.trackers.DialogueStateTracker object at 0x7fd443dc8d60>}, targets: ['select_prediction'] and ExecutionContext(model_id='54251e8b46204ee38fe8d10ff64b1131', should_add_diagnostic_data=False, is_finetuning=False, node_name=None).
2025-01-14 17:17:19,142 [DEBUG]  Node 'rule_only_data_provider' running 'RuleOnlyDataProvider.provide'.
2025-01-14 17:17:19,142 [DEBUG]  Node 'domain_provider' running 'DomainProvider.provide_inference'.
2025-01-14 17:17:19,142 [DEBUG]  Node 'run_MemoizationPolicy0' running 'MemoizationPolicy.predict_action_probabilities'.
2025-01-14 17:17:19,143 [DEBUG]  [[32m[1mdebug    [0m] [1mmemoization.predict.actions   [0m [36mtracker_states[0m=[35m[{'user': {'intent': 'ask_architecture'}, 'prev_action': {'action_name': 'action_listen'}}, {'user': {'intent': 'ask_architecture'}, 'prev_action': {'action_name': 'utter_architecture_response'}}, {'user': {'intent': 'request_info'}, 'prev_action': {'action_name': 'action_listen'}}, {'user': {'intent': 'request_info'}, 'prev_action': {'action_name': 'utter_ask_more'}}, {'user': {'intent': 'goodbye'}, 'prev_action': {'action_name': 'action_listen'}}][0m
2025-01-14 17:17:19,143 [DEBUG]  There is no memorised next action
2025-01-14 17:17:19,144 [DEBUG]  Node 'run_RulePolicy1' running 'RulePolicy.predict_action_probabilities'.
2025-01-14 17:17:19,144 [DEBUG]  [[32m[1mdebug    [0m] [1mrule_policy.actions.find      [0m [36mcurrent_states[0m=[35m
[state 1] user intent: greet | previous action name: action_listen
[state 2] user intent: greet | previous action name: utter_greet
[state 3] user intent: goodbye | previous action name: action_listen
[state 4] user intent: goodbye | previous action name: utter_goodbye
[state 5] user intent: greet | previous action name: action_listen
[state 6] user intent: greet | previous action name: utter_greet
[state 7] user intent: ask_architecture | previous action name: action_listen
[state 8] user intent: ask_architecture | previous action name: utter_architecture_response
[state 9] user intent: request_info | previous action name: action_listen
[state 10] user intent: request_info | previous action name: utter_ask_more
[state 11] user text: Увидимся | previous action name: action_listen[0m
2025-01-14 17:17:19,144 [DEBUG]  There is no applicable rule.
2025-01-14 17:17:19,145 [DEBUG]  [[32m[1mdebug    [0m] [1mrule_policy.actions.find      [0m [36mcurrent_states[0m=[35m
[state 1] user intent: greet | previous action name: action_listen
[state 2] user intent: greet | previous action name: utter_greet
[state 3] user intent: goodbye | previous action name: action_listen
[state 4] user intent: goodbye | previous action name: utter_goodbye
[state 5] user intent: greet | previous action name: action_listen
[state 6] user intent: greet | previous action name: utter_greet
[state 7] user intent: ask_architecture | previous action name: action_listen
[state 8] user intent: ask_architecture | previous action name: utter_architecture_response
[state 9] user intent: request_info | previous action name: action_listen
[state 10] user intent: request_info | previous action name: utter_ask_more
[state 11] user intent: goodbye | previous action name: action_listen[0m
2025-01-14 17:17:19,145 [DEBUG]  There is a rule for the next action 'utter_goodbye'.
2025-01-14 17:17:19,145 [DEBUG]  Node 'run_TEDPolicy2' running 'TEDPolicy.predict_action_probabilities'.
2025-01-14 17:17:19,151 [DEBUG]  TED predicted 'utter_goodbye' based on user intent.
2025-01-14 17:17:19,151 [DEBUG]  Node 'select_prediction' running 'DefaultPolicyPredictionEnsemble.combine_predictions_from_kwargs'.
2025-01-14 17:17:19,151 [DEBUG]  Made prediction using user intent.
2025-01-14 17:17:19,151 [DEBUG]  Added `DefinePrevUserUtteredFeaturization(False)` event.
2025-01-14 17:17:19,152 [DEBUG]  Predicted next action using RulePolicy.
2025-01-14 17:17:19,152 [DEBUG]  Predicted next action 'utter_goodbye' with confidence 1.00.
2025-01-14 17:17:19,153 [DEBUG]  [[32m[1mdebug    [0m] [1mprocessor.actions.policy_prediction[0m [36mprediction_events[0m=[35m[<rasa.shared.core.events.DefinePrevUserUtteredFeaturization object at 0x7fd442017430>][0m
2025-01-14 17:17:19,153 [DEBUG]  [[32m[1mdebug    [0m] [1mprocessor.actions.log         [0m [36maction_name[0m=[35mutter_goodbye[0m [36mrasa_events[0m=[35m[BotUttered('До свидания! Если появятся вопросы по архитектуре ПО, обращайтесь.', {"elements": null, "quick_replies": null, "buttons": null, "attachment": null, "image": null, "custom": null}, {"utter_action": "utter_goodbye"}, 1736875039.1528444)][0m
2025-01-14 17:17:19,153 [DEBUG]  Running graph with inputs: {'__tracker__': <rasa.shared.core.trackers.DialogueStateTracker object at 0x7fd443dc8d60>}, targets: ['select_prediction'] and ExecutionContext(model_id='54251e8b46204ee38fe8d10ff64b1131', should_add_diagnostic_data=False, is_finetuning=False, node_name=None).
2025-01-14 17:17:19,154 [DEBUG]  Node 'rule_only_data_provider' running 'RuleOnlyDataProvider.provide'.
2025-01-14 17:17:19,154 [DEBUG]  Node 'domain_provider' running 'DomainProvider.provide_inference'.
2025-01-14 17:17:19,154 [DEBUG]  Node 'run_MemoizationPolicy0' running 'MemoizationPolicy.predict_action_probabilities'.
2025-01-14 17:17:19,154 [DEBUG]  [[32m[1mdebug    [0m] [1mmemoization.predict.actions   [0m [36mtracker_states[0m=[35m[{'user': {'intent': 'ask_architecture'}, 'prev_action': {'action_name': 'utter_architecture_response'}}, {'user': {'intent': 'request_info'}, 'prev_action': {'action_name': 'action_listen'}}, {'user': {'intent': 'request_info'}, 'prev_action': {'action_name': 'utter_ask_more'}}, {'user': {'intent': 'goodbye'}, 'prev_action': {'action_name': 'action_listen'}}, {'user': {'intent': 'goodbye'}, 'prev_action': {'action_name': 'utter_goodbye'}}][0m
2025-01-14 17:17:19,155 [DEBUG]  There is no memorised next action
2025-01-14 17:17:19,155 [DEBUG]  Node 'run_RulePolicy1' running 'RulePolicy.predict_action_probabilities'.
2025-01-14 17:17:19,155 [DEBUG]  [[32m[1mdebug    [0m] [1mrule_policy.actions.find      [0m [36mcurrent_states[0m=[35m
[state 1] user intent: greet | previous action name: action_listen
[state 2] user intent: greet | previous action name: utter_greet
[state 3] user intent: goodbye | previous action name: action_listen
[state 4] user intent: goodbye | previous action name: utter_goodbye
[state 5] user intent: greet | previous action name: action_listen
[state 6] user intent: greet | previous action name: utter_greet
[state 7] user intent: ask_architecture | previous action name: action_listen
[state 8] user intent: ask_architecture | previous action name: utter_architecture_response
[state 9] user intent: request_info | previous action name: action_listen
[state 10] user intent: request_info | previous action name: utter_ask_more
[state 11] user intent: goodbye | previous action name: action_listen
[state 12] user intent: goodbye | previous action name: utter_goodbye[0m
2025-01-14 17:17:19,156 [DEBUG]  There is a rule for the next action 'action_listen'.
2025-01-14 17:17:19,156 [DEBUG]  Node 'run_TEDPolicy2' running 'TEDPolicy.predict_action_probabilities'.
2025-01-14 17:17:19,161 [DEBUG]  TED predicted 'action_listen' based on user intent.
2025-01-14 17:17:19,161 [DEBUG]  Node 'select_prediction' running 'DefaultPolicyPredictionEnsemble.combine_predictions_from_kwargs'.
2025-01-14 17:17:19,162 [DEBUG]  Predicted next action using RulePolicy.
2025-01-14 17:17:19,162 [DEBUG]  Predicted next action 'action_listen' with confidence 1.00.
2025-01-14 17:17:19,162 [DEBUG]  [[32m[1mdebug    [0m] [1mprocessor.actions.policy_prediction[0m [36mprediction_events[0m=[35m[][0m
2025-01-14 17:17:19,163 [DEBUG]  [[32m[1mdebug    [0m] [1mprocessor.actions.log         [0m [36maction_name[0m=[35maction_listen[0m [36mrasa_events[0m=[35m[][0m
2025-01-14 17:17:19,163 [DEBUG]  No event broker configured. Skipping streaming events.
2025-01-14 17:17:19,164 [DEBUG]  Deleted lock for conversation 'PractikumStudent'.
